#! /opt/homebrew/Cellar/icarus-verilog/13.0/bin/vvp
:ivl_version "13.0 (stable)" "(v13_0)";
:ivl_delay_selection "TYPICAL";
:vpi_time_precision + 0;
:vpi_module "/opt/homebrew/Cellar/icarus-verilog/13.0/lib/ivl/system.vpi";
:vpi_module "/opt/homebrew/Cellar/icarus-verilog/13.0/lib/ivl/vhdl_sys.vpi";
:vpi_module "/opt/homebrew/Cellar/icarus-verilog/13.0/lib/ivl/vhdl_textio.vpi";
:vpi_module "/opt/homebrew/Cellar/icarus-verilog/13.0/lib/ivl/v2005_math.vpi";
:vpi_module "/opt/homebrew/Cellar/icarus-verilog/13.0/lib/ivl/va_math.vpi";
S_0x102c0fcd0 .scope module, "moisture_comparator" "moisture_comparator" 2 9;
 .timescale 0 0;
    .port_info 0 /INPUT 8 "moisture";
    .port_info 1 /INPUT 8 "threshold";
    .port_info 2 /OUTPUT 1 "pump_on";
o0xaee820010 .functor BUFZ 8, c4<zzzzzzzz>; HiZ drive
v0x102c0ca00_0 .net "moisture", 7 0, o0xaee820010;  0 drivers
v0x102c10260_0 .var "pump_on", 0 0;
o0xaee820070 .functor BUFZ 8, c4<zzzzzzzz>; HiZ drive
v0x102c10310_0 .net "threshold", 7 0, o0xaee820070;  0 drivers
E_0x102c0d3a0 .event anyedge, v0x102c0ca00_0, v0x102c10310_0;
    .scope S_0x102c0fcd0;
T_0 ;
    %wait E_0x102c0d3a0;
    %load/vec4 v0x102c0ca00_0;
    %load/vec4 v0x102c10310_0;
    %cmp/u;
    %jmp/0xz  T_0.0, 5;
    %pushi/vec4 1, 0, 1;
    %store/vec4 v0x102c10260_0, 0, 1;
    %jmp T_0.1;
T_0.0 ;
    %pushi/vec4 0, 0, 1;
    %store/vec4 v0x102c10260_0, 0, 1;
T_0.1 ;
    %jmp T_0;
    .thread T_0, $push;
# The file index is used to find the file name in the following table.
:file_names 3;
    "N/A";
    "<interactive>";
    "moisture_comparator.v";
